2024-04-27T00:53:24.946-04:00  INFO 22584 --- [main] c.c.webappbff.WebappbffApplicationTests  : Starting WebappbffApplicationTests using Java 20.0.2 with PID 22584 (started by Rheann in C:\Users\Rheann\Documents\CMU\Spring_24\EDISS\EDISS_Workspace\webappbff)
2024-04-27T00:53:24.954-04:00  INFO 22584 --- [main] c.c.webappbff.WebappbffApplicationTests  : No active profile set, falling back to 1 default profile: "default"
2024-04-27T00:53:25.878-04:00  INFO 22584 --- [main] o.s.cloud.context.scope.GenericScope     : BeanFactory id=711199bd-b812-3bc6-ba4d-e310d5b05dde
2024-04-27T00:53:27.572-04:00  INFO 22584 --- [main] c.c.webappbff.WebappbffApplicationTests  : Started WebappbffApplicationTests in 3.31 seconds (process running for 4.546)
2024-04-27T03:14:19.913-04:00  INFO 28600 --- [main] c.c.webappbff.WebappbffApplicationTests  : Starting WebappbffApplicationTests using Java 20.0.2 with PID 28600 (started by Rheann in C:\Users\Rheann\Documents\CMU\Spring_24\EDISS\EDISS_Workspace\webappbff)
2024-04-27T03:14:19.916-04:00  INFO 28600 --- [main] c.c.webappbff.WebappbffApplicationTests  : No active profile set, falling back to 1 default profile: "default"
2024-04-27T03:14:20.910-04:00  INFO 28600 --- [main] o.s.cloud.context.scope.GenericScope     : BeanFactory id=711199bd-b812-3bc6-ba4d-e310d5b05dde
2024-04-27T03:14:22.392-04:00  INFO 28600 --- [main] c.c.webappbff.WebappbffApplicationTests  : Started WebappbffApplicationTests in 3.279 seconds (process running for 4.749)
2024-04-27T05:38:05.500-04:00  INFO 12648 --- [main] c.c.webappbff.WebappbffApplicationTests  : Starting WebappbffApplicationTests using Java 20.0.2 with PID 12648 (started by Rheann in C:\Users\Rheann\Documents\CMU\Spring_24\EDISS\EDISS_Workspace\webappbff)
2024-04-27T05:38:05.502-04:00  INFO 12648 --- [main] c.c.webappbff.WebappbffApplicationTests  : No active profile set, falling back to 1 default profile: "default"
2024-04-27T05:38:07.283-04:00  INFO 12648 --- [main] o.s.cloud.context.scope.GenericScope     : BeanFactory id=711199bd-b812-3bc6-ba4d-e310d5b05dde
2024-04-27T05:38:10.201-04:00  INFO 12648 --- [main] c.c.webappbff.WebappbffApplicationTests  : Started WebappbffApplicationTests in 5.83 seconds (process running for 8.814)
2024-04-27T05:46:13.708-04:00  INFO 28968 --- [main] c.c.webappbff.WebappbffApplicationTests  : Starting WebappbffApplicationTests using Java 20.0.2 with PID 28968 (started by Rheann in C:\Users\Rheann\Documents\CMU\Spring_24\EDISS\EDISS_Workspace\webappbff)
2024-04-27T05:46:13.711-04:00  INFO 28968 --- [main] c.c.webappbff.WebappbffApplicationTests  : No active profile set, falling back to 1 default profile: "default"
2024-04-27T05:46:15.170-04:00  INFO 28968 --- [main] o.s.cloud.context.scope.GenericScope     : BeanFactory id=711199bd-b812-3bc6-ba4d-e310d5b05dde
2024-04-27T05:46:17.171-04:00  INFO 28968 --- [main] c.c.webappbff.WebappbffApplicationTests  : Started WebappbffApplicationTests in 4.376 seconds (process running for 6.534)
2024-04-27T06:10:34.789-04:00  INFO 20472 --- [main] c.c.webappbff.WebappbffApplicationTests  : Starting WebappbffApplicationTests using Java 20.0.2 with PID 20472 (started by Rheann in C:\Users\Rheann\Documents\CMU\Spring_24\EDISS\EDISS_Workspace\webappbff)
2024-04-27T06:10:34.795-04:00  INFO 20472 --- [main] c.c.webappbff.WebappbffApplicationTests  : No active profile set, falling back to 1 default profile: "default"
2024-04-27T06:10:36.064-04:00  INFO 20472 --- [main] o.s.cloud.context.scope.GenericScope     : BeanFactory id=711199bd-b812-3bc6-ba4d-e310d5b05dde
2024-04-27T06:10:38.086-04:00  INFO 20472 --- [main] c.c.webappbff.WebappbffApplicationTests  : Started WebappbffApplicationTests in 4.279 seconds (process running for 5.506)
2024-04-27T15:17:14.884-04:00  INFO 10052 --- [main] c.c.webappbff.WebappbffApplicationTests  : Starting WebappbffApplicationTests using Java 20.0.2 with PID 10052 (started by Rheann in C:\Users\Rheann\Documents\CMU\Spring_24\EDISS\EDISS_Workspace\webappbff)
2024-04-27T15:17:14.889-04:00  INFO 10052 --- [main] c.c.webappbff.WebappbffApplicationTests  : No active profile set, falling back to 1 default profile: "default"
2024-04-27T15:17:16.869-04:00  INFO 10052 --- [main] o.s.cloud.context.scope.GenericScope     : BeanFactory id=711199bd-b812-3bc6-ba4d-e310d5b05dde
2024-04-27T15:17:20.190-04:00  INFO 10052 --- [main] c.c.webappbff.WebappbffApplicationTests  : Started WebappbffApplicationTests in 6.552 seconds (process running for 9.635)
2024-04-27T15:38:47.785-04:00  INFO 24216 --- [main] c.c.webappbff.WebappbffApplicationTests  : Starting WebappbffApplicationTests using Java 20.0.2 with PID 24216 (started by Rheann in C:\Users\Rheann\Documents\CMU\Spring_24\EDISS\EDISS_Workspace\webappbff)
2024-04-27T15:38:47.789-04:00  INFO 24216 --- [main] c.c.webappbff.WebappbffApplicationTests  : No active profile set, falling back to 1 default profile: "default"
2024-04-27T15:38:49.174-04:00  INFO 24216 --- [main] o.s.cloud.context.scope.GenericScope     : BeanFactory id=711199bd-b812-3bc6-ba4d-e310d5b05dde
2024-04-27T15:38:51.431-04:00  INFO 24216 --- [main] c.c.webappbff.WebappbffApplicationTests  : Started WebappbffApplicationTests in 4.763 seconds (process running for 6.807)
2024-04-27T16:17:45.487-04:00  INFO 12488 --- [main] c.c.webappbff.WebappbffApplicationTests  : Starting WebappbffApplicationTests using Java 20.0.2 with PID 12488 (started by Rheann in C:\Users\Rheann\Documents\CMU\Spring_24\EDISS\EDISS_Workspace\webappbff)
2024-04-27T16:17:45.492-04:00  INFO 12488 --- [main] c.c.webappbff.WebappbffApplicationTests  : No active profile set, falling back to 1 default profile: "default"
2024-04-27T16:17:47.472-04:00  INFO 12488 --- [main] o.s.cloud.context.scope.GenericScope     : BeanFactory id=711199bd-b812-3bc6-ba4d-e310d5b05dde
2024-04-27T16:17:50.405-04:00  INFO 12488 --- [main] c.c.webappbff.WebappbffApplicationTests  : Started WebappbffApplicationTests in 6.68 seconds (process running for 9.67)
2024-04-27T16:49:10.745-04:00  INFO 26144 --- [main] c.c.webappbff.WebappbffApplicationTests  : Starting WebappbffApplicationTests using Java 20.0.2 with PID 26144 (started by Rheann in C:\Users\Rheann\Documents\CMU\Spring_24\EDISS\EDISS_Workspace\webappbff)
2024-04-27T16:49:10.750-04:00  INFO 26144 --- [main] c.c.webappbff.WebappbffApplicationTests  : No active profile set, falling back to 1 default profile: "default"
2024-04-27T16:49:11.576-04:00  INFO 26144 --- [main] o.s.cloud.context.scope.GenericScope     : BeanFactory id=711199bd-b812-3bc6-ba4d-e310d5b05dde
2024-04-27T16:49:12.894-04:00  INFO 26144 --- [main] c.c.webappbff.WebappbffApplicationTests  : Started WebappbffApplicationTests in 2.9 seconds (process running for 4.031)
2024-04-27T17:45:37.074-04:00  INFO 23444 --- [main] com.cmu.webappbff.WebappbffApplication   : Starting WebappbffApplication using Java 20.0.2 with PID 23444 (C:\Users\Rheann\Documents\CMU\Spring_24\EDISS\EDISS_Workspace\webappbff\target\classes started by Rheann in C:\Users\Rheann\Documents\CMU\Spring_24\EDISS\EDISS_Workspace\webappbff)
2024-04-27T17:45:37.076-04:00  INFO 23444 --- [main] com.cmu.webappbff.WebappbffApplication   : No active profile set, falling back to 1 default profile: "default"
2024-04-27T17:45:38.055-04:00  INFO 23444 --- [main] o.s.cloud.context.scope.GenericScope     : BeanFactory id=7b054410-b7ad-3cde-9048-a14865bc6ff3
2024-04-27T17:45:38.657-04:00  INFO 23444 --- [main] o.s.b.w.embedded.tomcat.TomcatWebServer  : Tomcat initialized with port(s): 8081 (http)
2024-04-27T17:45:38.679-04:00  INFO 23444 --- [main] o.apache.catalina.core.StandardService   : Starting service [Tomcat]
2024-04-27T17:45:38.679-04:00  INFO 23444 --- [main] o.apache.catalina.core.StandardEngine    : Starting Servlet engine: [Apache Tomcat/10.1.16]
2024-04-27T17:45:38.889-04:00  INFO 23444 --- [main] o.a.c.c.C.[Tomcat].[localhost].[/]       : Initializing Spring embedded WebApplicationContext
2024-04-27T17:45:38.890-04:00  INFO 23444 --- [main] w.s.c.ServletWebServerApplicationContext : Root WebApplicationContext: initialization completed in 1755 ms
2024-04-27T17:45:43.452-04:00  INFO 23444 --- [main] o.s.b.w.embedded.tomcat.TomcatWebServer  : Tomcat started on port(s): 8081 (http) with context path ''
2024-04-27T17:45:43.959-04:00  INFO 23444 --- [main] com.cmu.webappbff.WebappbffApplication   : Started WebappbffApplication in 7.85 seconds (process running for 9.37)
2024-04-27T17:50:07.688-04:00  INFO 23444 --- [http-nio-8081-exec-1] o.a.c.c.C.[Tomcat].[localhost].[/]       : Initializing Spring DispatcherServlet 'dispatcherServlet'
2024-04-27T17:50:07.699-04:00  INFO 23444 --- [http-nio-8081-exec-1] o.s.web.servlet.DispatcherServlet        : Initializing Servlet 'dispatcherServlet'
2024-04-27T17:50:07.738-04:00  INFO 23444 --- [http-nio-8081-exec-1] o.s.web.servlet.DispatcherServlet        : Completed initialization in 38 ms
2024-04-27T17:50:22.645-04:00  INFO 23444 --- [http-nio-8081-exec-4] c.c.w.controller.BookBffController       : jwt payload received: {"sub":"starlord","Username":"JavaInUse","roles":"Admin","iss":"cmu.edu","exp":"2025-04-27T18:05:14.702Z"}
2024-04-27T17:50:22.693-04:00  INFO 23444 --- [http-nio-8081-exec-4] c.c.w.controller.BookBffController       : subclaim received: starlord
2024-04-27T17:50:22.694-04:00  INFO 23444 --- [http-nio-8081-exec-4] c.c.w.controller.BookBffController       : exp: 0
2024-04-27T17:50:22.694-04:00  INFO 23444 --- [http-nio-8081-exec-4] c.c.w.controller.BookBffController       : issClaim: cmu.edu
2024-04-27T17:50:22.702-04:00  INFO 23444 --- [http-nio-8081-exec-4] c.c.w.controller.BookBffController       : Current time: 1714254622
2024-04-27T17:50:22.702-04:00  INFO 23444 --- [http-nio-8081-exec-4] c.c.w.controller.BookBffController       : Received timestamp: 0
2024-04-27T17:50:22.703-04:00 ERROR 23444 --- [http-nio-8081-exec-4] c.c.w.controller.BookBffController       : getRecommendation: Empty or Invalid JWT token
2024-04-27T17:53:30.699-04:00  INFO 8868 --- [main] com.cmu.webappbff.WebappbffApplication   : Starting WebappbffApplication using Java 20.0.2 with PID 8868 (C:\Users\Rheann\Documents\CMU\Spring_24\EDISS\EDISS_Workspace\webappbff\target\classes started by Rheann in C:\Users\Rheann\Documents\CMU\Spring_24\EDISS\EDISS_Workspace\webappbff)
2024-04-27T17:53:30.702-04:00  INFO 8868 --- [main] com.cmu.webappbff.WebappbffApplication   : No active profile set, falling back to 1 default profile: "default"
2024-04-27T17:53:31.457-04:00  INFO 8868 --- [main] o.s.cloud.context.scope.GenericScope     : BeanFactory id=7b054410-b7ad-3cde-9048-a14865bc6ff3
2024-04-27T17:53:31.752-04:00  INFO 8868 --- [main] o.s.b.w.embedded.tomcat.TomcatWebServer  : Tomcat initialized with port(s): 8081 (http)
2024-04-27T17:53:31.761-04:00  INFO 8868 --- [main] o.apache.catalina.core.StandardService   : Starting service [Tomcat]
2024-04-27T17:53:31.761-04:00  INFO 8868 --- [main] o.apache.catalina.core.StandardEngine    : Starting Servlet engine: [Apache Tomcat/10.1.16]
2024-04-27T17:53:31.874-04:00  INFO 8868 --- [main] o.a.c.c.C.[Tomcat].[localhost].[/]       : Initializing Spring embedded WebApplicationContext
2024-04-27T17:53:31.875-04:00  INFO 8868 --- [main] w.s.c.ServletWebServerApplicationContext : Root WebApplicationContext: initialization completed in 1118 ms
2024-04-27T17:53:33.684-04:00  INFO 8868 --- [main] o.s.b.w.embedded.tomcat.TomcatWebServer  : Tomcat started on port(s): 8081 (http) with context path ''
2024-04-27T17:53:33.969-04:00  INFO 8868 --- [main] com.cmu.webappbff.WebappbffApplication   : Started WebappbffApplication in 4.026 seconds (process running for 5.518)
2024-04-27T17:53:39.124-04:00  INFO 8868 --- [http-nio-8081-exec-2] o.a.c.c.C.[Tomcat].[localhost].[/]       : Initializing Spring DispatcherServlet 'dispatcherServlet'
2024-04-27T17:53:39.124-04:00  INFO 8868 --- [http-nio-8081-exec-2] o.s.web.servlet.DispatcherServlet        : Initializing Servlet 'dispatcherServlet'
2024-04-27T17:53:39.125-04:00  INFO 8868 --- [http-nio-8081-exec-2] o.s.web.servlet.DispatcherServlet        : Completed initialization in 1 ms
2024-04-27T17:53:39.261-04:00  INFO 8868 --- [http-nio-8081-exec-2] c.c.w.controller.BookBffController       : jwt payload received: {"sub":"starlord","Username":"JavaInUse","roles":"Admin","iss":"cmu.edu","exp":"2025-04-27T18:05:14.702Z"}
2024-04-27T17:53:39.316-04:00  INFO 8868 --- [http-nio-8081-exec-2] c.c.w.controller.BookBffController       : subclaim received: starlord
2024-04-27T17:53:39.317-04:00  INFO 8868 --- [http-nio-8081-exec-2] c.c.w.controller.BookBffController       : exp: 0
2024-04-27T17:53:39.317-04:00  INFO 8868 --- [http-nio-8081-exec-2] c.c.w.controller.BookBffController       : issClaim: cmu.edu
2024-04-27T17:53:39.321-04:00  INFO 8868 --- [http-nio-8081-exec-2] c.c.w.controller.BookBffController       : Current time: 1714254819
2024-04-27T17:53:39.321-04:00  INFO 8868 --- [http-nio-8081-exec-2] c.c.w.controller.BookBffController       : Received timestamp: 0
2024-04-27T17:53:39.322-04:00 ERROR 8868 --- [http-nio-8081-exec-2] c.c.w.controller.BookBffController       : getRecommendation: Empty or Invalid JWT token
2024-04-27T17:54:57.388-04:00  INFO 6688 --- [main] com.cmu.webappbff.WebappbffApplication   : Starting WebappbffApplication using Java 20.0.2 with PID 6688 (C:\Users\Rheann\Documents\CMU\Spring_24\EDISS\EDISS_Workspace\webappbff\target\classes started by Rheann in C:\Users\Rheann\Documents\CMU\Spring_24\EDISS\EDISS_Workspace\webappbff)
2024-04-27T17:54:57.392-04:00  INFO 6688 --- [main] com.cmu.webappbff.WebappbffApplication   : No active profile set, falling back to 1 default profile: "default"
2024-04-27T17:54:58.079-04:00  INFO 6688 --- [main] o.s.cloud.context.scope.GenericScope     : BeanFactory id=7b054410-b7ad-3cde-9048-a14865bc6ff3
2024-04-27T17:54:58.349-04:00  INFO 6688 --- [main] o.s.b.w.embedded.tomcat.TomcatWebServer  : Tomcat initialized with port(s): 8081 (http)
2024-04-27T17:54:58.359-04:00  INFO 6688 --- [main] o.apache.catalina.core.StandardService   : Starting service [Tomcat]
2024-04-27T17:54:58.359-04:00  INFO 6688 --- [main] o.apache.catalina.core.StandardEngine    : Starting Servlet engine: [Apache Tomcat/10.1.16]
2024-04-27T17:54:58.500-04:00  INFO 6688 --- [main] o.a.c.c.C.[Tomcat].[localhost].[/]       : Initializing Spring embedded WebApplicationContext
2024-04-27T17:54:58.500-04:00  INFO 6688 --- [main] w.s.c.ServletWebServerApplicationContext : Root WebApplicationContext: initialization completed in 1055 ms
2024-04-27T17:55:00.191-04:00  INFO 6688 --- [main] o.s.b.w.embedded.tomcat.TomcatWebServer  : Tomcat started on port(s): 8081 (http) with context path ''
2024-04-27T17:55:00.456-04:00  INFO 6688 --- [main] com.cmu.webappbff.WebappbffApplication   : Started WebappbffApplication in 3.836 seconds (process running for 5.136)
2024-04-27T17:55:03.304-04:00  INFO 6688 --- [http-nio-8081-exec-2] o.a.c.c.C.[Tomcat].[localhost].[/]       : Initializing Spring DispatcherServlet 'dispatcherServlet'
2024-04-27T17:55:03.305-04:00  INFO 6688 --- [http-nio-8081-exec-2] o.s.web.servlet.DispatcherServlet        : Initializing Servlet 'dispatcherServlet'
2024-04-27T17:55:03.307-04:00  INFO 6688 --- [http-nio-8081-exec-2] o.s.web.servlet.DispatcherServlet        : Completed initialization in 1 ms
2024-04-27T17:55:03.415-04:00  INFO 6688 --- [http-nio-8081-exec-2] c.c.w.controller.BookBffController       : jwt payload received: {"sub":"starlord","Username":"JavaInUse","roles":"Admin","iss":"cmu.edu","exp":"2025-04-27T18:05:14.702Z"}
2024-04-27T17:55:03.462-04:00  INFO 6688 --- [http-nio-8081-exec-2] c.c.w.controller.BookBffController       : subclaim received: starlord
2024-04-27T17:55:03.462-04:00  INFO 6688 --- [http-nio-8081-exec-2] c.c.w.controller.BookBffController       : exp: 0
2024-04-27T17:55:03.462-04:00  INFO 6688 --- [http-nio-8081-exec-2] c.c.w.controller.BookBffController       : issClaim: cmu.edu
2024-04-27T17:55:03.466-04:00  INFO 6688 --- [http-nio-8081-exec-2] c.c.w.controller.BookBffController       : Current time: 1714254903
2024-04-27T17:55:03.467-04:00  INFO 6688 --- [http-nio-8081-exec-2] c.c.w.controller.BookBffController       : Received timestamp: 0
2024-04-27T17:55:03.467-04:00 ERROR 6688 --- [http-nio-8081-exec-2] c.c.w.controller.BookBffController       : getRecommendation: Empty or Invalid JWT token
2024-04-27T18:03:05.878-04:00  INFO 26964 --- [main] com.cmu.webappbff.WebappbffApplication   : Starting WebappbffApplication using Java 20.0.2 with PID 26964 (C:\Users\Rheann\Documents\CMU\Spring_24\EDISS\EDISS_Workspace\webappbff\target\classes started by Rheann in C:\Users\Rheann\Documents\CMU\Spring_24\EDISS\EDISS_Workspace\webappbff)
2024-04-27T18:03:05.883-04:00  INFO 26964 --- [main] com.cmu.webappbff.WebappbffApplication   : No active profile set, falling back to 1 default profile: "default"
2024-04-27T18:03:06.757-04:00  INFO 26964 --- [main] o.s.cloud.context.scope.GenericScope     : BeanFactory id=7b054410-b7ad-3cde-9048-a14865bc6ff3
2024-04-27T18:03:07.211-04:00  INFO 26964 --- [main] o.s.b.w.embedded.tomcat.TomcatWebServer  : Tomcat initialized with port(s): 8081 (http)
2024-04-27T18:03:07.223-04:00  INFO 26964 --- [main] o.apache.catalina.core.StandardService   : Starting service [Tomcat]
2024-04-27T18:03:07.224-04:00  INFO 26964 --- [main] o.apache.catalina.core.StandardEngine    : Starting Servlet engine: [Apache Tomcat/10.1.16]
2024-04-27T18:03:07.392-04:00  INFO 26964 --- [main] o.a.c.c.C.[Tomcat].[localhost].[/]       : Initializing Spring embedded WebApplicationContext
2024-04-27T18:03:07.393-04:00  INFO 26964 --- [main] w.s.c.ServletWebServerApplicationContext : Root WebApplicationContext: initialization completed in 1441 ms
2024-04-27T18:03:10.707-04:00  INFO 26964 --- [main] o.s.b.w.embedded.tomcat.TomcatWebServer  : Tomcat started on port(s): 8081 (http) with context path ''
2024-04-27T18:03:11.083-04:00  INFO 26964 --- [main] com.cmu.webappbff.WebappbffApplication   : Started WebappbffApplication in 6.224 seconds (process running for 12.135)
2024-04-27T18:03:19.425-04:00  INFO 26964 --- [http-nio-8081-exec-2] o.a.c.c.C.[Tomcat].[localhost].[/]       : Initializing Spring DispatcherServlet 'dispatcherServlet'
2024-04-27T18:03:19.426-04:00  INFO 26964 --- [http-nio-8081-exec-2] o.s.web.servlet.DispatcherServlet        : Initializing Servlet 'dispatcherServlet'
2024-04-27T18:03:19.427-04:00  INFO 26964 --- [http-nio-8081-exec-2] o.s.web.servlet.DispatcherServlet        : Completed initialization in 1 ms
2024-04-27T18:03:19.593-04:00  INFO 26964 --- [http-nio-8081-exec-2] c.c.w.controller.BookBffController       : jwt payload received: {"sub":"starlord","Username":"JavaInUse","roles":"Admin","iss":"cmu.edu","exp":"2025-04-27T18:05:14.702Z"}
2024-04-27T18:03:19.655-04:00  INFO 26964 --- [http-nio-8081-exec-2] c.c.w.controller.BookBffController       : subclaim received: starlord
2024-04-27T18:03:19.655-04:00  INFO 26964 --- [http-nio-8081-exec-2] c.c.w.controller.BookBffController       : exp: 0
2024-04-27T18:03:19.655-04:00  INFO 26964 --- [http-nio-8081-exec-2] c.c.w.controller.BookBffController       : issClaim: cmu.edu
2024-04-27T18:03:19.660-04:00  INFO 26964 --- [http-nio-8081-exec-2] c.c.w.controller.BookBffController       : Current time: 1714255399
2024-04-27T18:03:19.661-04:00  INFO 26964 --- [http-nio-8081-exec-2] c.c.w.controller.BookBffController       : Received timestamp: 0
2024-04-27T18:03:19.661-04:00 ERROR 26964 --- [http-nio-8081-exec-2] c.c.w.controller.BookBffController       : getRecommendation: Empty or Invalid JWT token
2024-04-27T18:08:04.953-04:00  INFO 26964 --- [http-nio-8081-exec-5] c.c.w.controller.BookBffController       : jwt payload received: {"sub":"starlord","Username":"JavaInUse","roles":"Admin","iss":"cmu.edu","exp":"2025-04-27T18:05:14.702Z"}
2024-04-27T18:08:04.977-04:00  INFO 26964 --- [http-nio-8081-exec-5] c.c.w.controller.BookBffController       : subclaim received: starlord
2024-04-27T18:08:04.979-04:00  INFO 26964 --- [http-nio-8081-exec-5] c.c.w.controller.BookBffController       : exp: 0
2024-04-27T18:08:04.979-04:00  INFO 26964 --- [http-nio-8081-exec-5] c.c.w.controller.BookBffController       : issClaim: cmu.edu
2024-04-27T18:08:04.980-04:00  INFO 26964 --- [http-nio-8081-exec-5] c.c.w.controller.BookBffController       : Current time: 1714255684
2024-04-27T18:08:04.981-04:00  INFO 26964 --- [http-nio-8081-exec-5] c.c.w.controller.BookBffController       : Received timestamp: 0
2024-04-27T18:08:04.981-04:00 ERROR 26964 --- [http-nio-8081-exec-5] c.c.w.controller.BookBffController       : getRecommendation: Empty or Invalid JWT token
2024-04-27T18:10:56.421-04:00  INFO 9052 --- [main] c.c.webappbff.WebappbffApplicationTests  : Starting WebappbffApplicationTests using Java 20.0.2 with PID 9052 (started by Rheann in C:\Users\Rheann\Documents\CMU\Spring_24\EDISS\EDISS_Workspace\webappbff)
2024-04-27T18:10:56.424-04:00  INFO 9052 --- [main] c.c.webappbff.WebappbffApplicationTests  : No active profile set, falling back to 1 default profile: "default"
2024-04-27T18:10:57.602-04:00  INFO 9052 --- [main] o.s.cloud.context.scope.GenericScope     : BeanFactory id=711199bd-b812-3bc6-ba4d-e310d5b05dde
2024-04-27T18:10:59.095-04:00  INFO 9052 --- [main] c.c.webappbff.WebappbffApplicationTests  : Started WebappbffApplicationTests in 3.416 seconds (process running for 5.237)
2024-04-27T22:12:45.047-04:00  INFO 20028 --- [main] c.c.webappbff.WebappbffApplicationTests  : Starting WebappbffApplicationTests using Java 20.0.2 with PID 20028 (started by Rheann in C:\Users\Rheann\Documents\CMU\Spring_24\EDISS\EDISS_Workspace\webappbff)
2024-04-27T22:12:45.056-04:00  INFO 20028 --- [main] c.c.webappbff.WebappbffApplicationTests  : No active profile set, falling back to 1 default profile: "default"
2024-04-27T22:12:48.420-04:00  INFO 20028 --- [main] o.s.cloud.context.scope.GenericScope     : BeanFactory id=711199bd-b812-3bc6-ba4d-e310d5b05dde
2024-04-27T22:12:53.265-04:00  INFO 20028 --- [main] c.c.webappbff.WebappbffApplicationTests  : Started WebappbffApplicationTests in 10.721 seconds (process running for 15.646)
2024-04-27T22:44:22.750-04:00  INFO 16244 --- [main] c.c.webappbff.WebappbffApplicationTests  : Starting WebappbffApplicationTests using Java 20.0.2 with PID 16244 (started by Rheann in C:\Users\Rheann\Documents\CMU\Spring_24\EDISS\EDISS_Workspace\webappbff)
2024-04-27T22:44:22.754-04:00  INFO 16244 --- [main] c.c.webappbff.WebappbffApplicationTests  : No active profile set, falling back to 1 default profile: "default"
2024-04-27T22:44:24.288-04:00  INFO 16244 --- [main] o.s.cloud.context.scope.GenericScope     : BeanFactory id=711199bd-b812-3bc6-ba4d-e310d5b05dde
2024-04-27T22:44:26.708-04:00  INFO 16244 --- [main] c.c.webappbff.WebappbffApplicationTests  : Started WebappbffApplicationTests in 5.065 seconds (process running for 6.989)
2024-04-27T22:46:37.519-04:00  INFO 27436 --- [main] c.c.webappbff.WebappbffApplicationTests  : Starting WebappbffApplicationTests using Java 20.0.2 with PID 27436 (started by Rheann in C:\Users\Rheann\Documents\CMU\Spring_24\EDISS\EDISS_Workspace\webappbff)
2024-04-27T22:46:37.522-04:00  INFO 27436 --- [main] c.c.webappbff.WebappbffApplicationTests  : No active profile set, falling back to 1 default profile: "default"
2024-04-27T22:46:38.935-04:00  INFO 27436 --- [main] o.s.cloud.context.scope.GenericScope     : BeanFactory id=711199bd-b812-3bc6-ba4d-e310d5b05dde
2024-04-27T22:46:41.261-04:00  INFO 27436 --- [main] c.c.webappbff.WebappbffApplicationTests  : Started WebappbffApplicationTests in 4.954 seconds (process running for 7.103)
