2024-04-27T02:46:57.059-04:00  INFO 17296 --- [main] com.cmu.mobilebff.MobilebffApplication   : Starting MobilebffApplication using Java 20.0.2 with PID 17296 (C:\Users\Rheann\Documents\CMU\Spring_24\EDISS\EDISS_Workspace\mobilebff\target\classes started by Rheann in C:\Users\Rheann\Documents\CMU\Spring_24\EDISS\EDISS_Workspace\mobilebff)
2024-04-27T02:46:57.070-04:00  INFO 17296 --- [main] com.cmu.mobilebff.MobilebffApplication   : No active profile set, falling back to 1 default profile: "default"
2024-04-27T02:46:58.861-04:00  INFO 17296 --- [main] o.s.cloud.context.scope.GenericScope     : BeanFactory id=41d90270-3081-306d-abde-a7d9317c7f74
2024-04-27T02:46:59.343-04:00  INFO 17296 --- [main] o.s.b.w.embedded.tomcat.TomcatWebServer  : Tomcat initialized with port(s): 8080 (http)
2024-04-27T02:46:59.352-04:00  INFO 17296 --- [main] o.apache.catalina.core.StandardService   : Starting service [Tomcat]
2024-04-27T02:46:59.353-04:00  INFO 17296 --- [main] o.apache.catalina.core.StandardEngine    : Starting Servlet engine: [Apache Tomcat/10.1.16]
2024-04-27T02:46:59.454-04:00  INFO 17296 --- [main] o.a.c.c.C.[Tomcat].[localhost].[/]       : Initializing Spring embedded WebApplicationContext
2024-04-27T02:46:59.454-04:00  INFO 17296 --- [main] w.s.c.ServletWebServerApplicationContext : Root WebApplicationContext: initialization completed in 2291 ms
2024-04-27T02:47:00.612-04:00  INFO 17296 --- [main] o.s.b.w.embedded.tomcat.TomcatWebServer  : Tomcat started on port(s): 8080 (http) with context path ''
2024-04-27T02:47:01.129-04:00  INFO 17296 --- [main] com.cmu.mobilebff.MobilebffApplication   : Started MobilebffApplication in 5.805 seconds (process running for 6.984)
2024-04-27T02:48:04.936-04:00  INFO 17296 --- [http-nio-8080-exec-1] o.a.c.c.C.[Tomcat].[localhost].[/]       : Initializing Spring DispatcherServlet 'dispatcherServlet'
2024-04-27T02:48:04.949-04:00  INFO 17296 --- [http-nio-8080-exec-1] o.s.web.servlet.DispatcherServlet        : Initializing Servlet 'dispatcherServlet'
2024-04-27T02:48:05.000-04:00  INFO 17296 --- [http-nio-8080-exec-1] o.s.web.servlet.DispatcherServlet        : Completed initialization in 49 ms
2024-04-27T03:15:32.563-04:00  INFO 16412 --- [main] c.c.mobilebff.MobilebffApplicationTests  : Starting MobilebffApplicationTests using Java 20.0.2 with PID 16412 (started by Rheann in C:\Users\Rheann\Documents\CMU\Spring_24\EDISS\EDISS_Workspace\mobilebff)
2024-04-27T03:15:32.566-04:00  INFO 16412 --- [main] c.c.mobilebff.MobilebffApplicationTests  : No active profile set, falling back to 1 default profile: "default"
2024-04-27T03:15:33.669-04:00  INFO 16412 --- [main] o.s.cloud.context.scope.GenericScope     : BeanFactory id=b0dd9630-3810-374b-90de-77651dd98b15
2024-04-27T03:15:35.756-04:00  INFO 16412 --- [main] c.c.mobilebff.MobilebffApplicationTests  : Started MobilebffApplicationTests in 3.986 seconds (process running for 5.61)
2024-04-27T05:32:22.328-04:00  INFO 6612 --- [main] c.c.mobilebff.MobilebffApplicationTests  : Starting MobilebffApplicationTests using Java 20.0.2 with PID 6612 (started by Rheann in C:\Users\Rheann\Documents\CMU\Spring_24\EDISS\EDISS_Workspace\mobilebff)
2024-04-27T05:32:22.331-04:00  INFO 6612 --- [main] c.c.mobilebff.MobilebffApplicationTests  : No active profile set, falling back to 1 default profile: "default"
2024-04-27T05:32:24.074-04:00  INFO 6612 --- [main] o.s.cloud.context.scope.GenericScope     : BeanFactory id=b0dd9630-3810-374b-90de-77651dd98b15
2024-04-27T05:32:25.957-04:00  INFO 6612 --- [main] c.c.mobilebff.MobilebffApplicationTests  : Started MobilebffApplicationTests in 4.359 seconds (process running for 5.782)
2024-04-27T05:33:29.833-04:00  INFO 22928 --- [main] c.c.mobilebff.MobilebffApplicationTests  : Starting MobilebffApplicationTests using Java 20.0.2 with PID 22928 (started by Rheann in C:\Users\Rheann\Documents\CMU\Spring_24\EDISS\EDISS_Workspace\mobilebff)
2024-04-27T05:33:29.836-04:00  INFO 22928 --- [main] c.c.mobilebff.MobilebffApplicationTests  : No active profile set, falling back to 1 default profile: "default"
2024-04-27T05:33:30.838-04:00  INFO 22928 --- [main] o.s.cloud.context.scope.GenericScope     : BeanFactory id=b0dd9630-3810-374b-90de-77651dd98b15
2024-04-27T05:33:32.145-04:00  INFO 22928 --- [main] c.c.mobilebff.MobilebffApplicationTests  : Started MobilebffApplicationTests in 3.028 seconds (process running for 4.166)
2024-04-27T05:45:51.509-04:00  INFO 21800 --- [main] c.c.mobilebff.MobilebffApplicationTests  : Starting MobilebffApplicationTests using Java 20.0.2 with PID 21800 (started by Rheann in C:\Users\Rheann\Documents\CMU\Spring_24\EDISS\EDISS_Workspace\mobilebff)
2024-04-27T05:45:51.512-04:00  INFO 21800 --- [main] c.c.mobilebff.MobilebffApplicationTests  : No active profile set, falling back to 1 default profile: "default"
2024-04-27T05:45:52.813-04:00  INFO 21800 --- [main] o.s.cloud.context.scope.GenericScope     : BeanFactory id=b0dd9630-3810-374b-90de-77651dd98b15
2024-04-27T05:45:55.044-04:00  INFO 21800 --- [main] c.c.mobilebff.MobilebffApplicationTests  : Started MobilebffApplicationTests in 5.081 seconds (process running for 6.773)
2024-04-27T06:12:47.393-04:00  INFO 19008 --- [main] c.c.mobilebff.MobilebffApplicationTests  : Starting MobilebffApplicationTests using Java 20.0.2 with PID 19008 (started by Rheann in C:\Users\Rheann\Documents\CMU\Spring_24\EDISS\EDISS_Workspace\mobilebff)
2024-04-27T06:12:47.397-04:00  INFO 19008 --- [main] c.c.mobilebff.MobilebffApplicationTests  : No active profile set, falling back to 1 default profile: "default"
2024-04-27T06:12:48.189-04:00  INFO 19008 --- [main] o.s.cloud.context.scope.GenericScope     : BeanFactory id=b0dd9630-3810-374b-90de-77651dd98b15
2024-04-27T06:12:49.570-04:00  INFO 19008 --- [main] c.c.mobilebff.MobilebffApplicationTests  : Started MobilebffApplicationTests in 2.884 seconds (process running for 4.159)
2024-04-27T15:14:47.233-04:00  INFO 10424 --- [main] c.c.mobilebff.MobilebffApplicationTests  : Starting MobilebffApplicationTests using Java 20.0.2 with PID 10424 (started by Rheann in C:\Users\Rheann\Documents\CMU\Spring_24\EDISS\EDISS_Workspace\mobilebff)
2024-04-27T15:14:47.240-04:00  INFO 10424 --- [main] c.c.mobilebff.MobilebffApplicationTests  : No active profile set, falling back to 1 default profile: "default"
2024-04-27T15:14:49.859-04:00  INFO 10424 --- [main] o.s.cloud.context.scope.GenericScope     : BeanFactory id=b0dd9630-3810-374b-90de-77651dd98b15
2024-04-27T15:14:53.357-04:00  INFO 10424 --- [main] c.c.mobilebff.MobilebffApplicationTests  : Started MobilebffApplicationTests in 8.022 seconds (process running for 11.12)
2024-04-27T16:19:44.617-04:00  INFO 10212 --- [main] c.c.mobilebff.MobilebffApplicationTests  : Starting MobilebffApplicationTests using Java 20.0.2 with PID 10212 (started by Rheann in C:\Users\Rheann\Documents\CMU\Spring_24\EDISS\EDISS_Workspace\mobilebff)
2024-04-27T16:19:44.626-04:00  INFO 10212 --- [main] c.c.mobilebff.MobilebffApplicationTests  : No active profile set, falling back to 1 default profile: "default"
2024-04-27T16:19:46.003-04:00  INFO 10212 --- [main] o.s.cloud.context.scope.GenericScope     : BeanFactory id=b0dd9630-3810-374b-90de-77651dd98b15
2024-04-27T16:19:48.359-04:00  INFO 10212 --- [main] c.c.mobilebff.MobilebffApplicationTests  : Started MobilebffApplicationTests in 5.111 seconds (process running for 7.017)
2024-04-27T16:46:34.987-04:00  INFO 31364 --- [main] c.c.mobilebff.MobilebffApplicationTests  : Starting MobilebffApplicationTests using Java 20.0.2 with PID 31364 (started by Rheann in C:\Users\Rheann\Documents\CMU\Spring_24\EDISS\EDISS_Workspace\mobilebff)
2024-04-27T16:46:34.989-04:00  INFO 31364 --- [main] c.c.mobilebff.MobilebffApplicationTests  : No active profile set, falling back to 1 default profile: "default"
2024-04-27T16:46:36.290-04:00  INFO 31364 --- [main] o.s.cloud.context.scope.GenericScope     : BeanFactory id=b0dd9630-3810-374b-90de-77651dd98b15
2024-04-27T16:46:37.904-04:00  INFO 31364 --- [main] c.c.mobilebff.MobilebffApplicationTests  : Started MobilebffApplicationTests in 3.758 seconds (process running for 5.214)
2024-04-27T18:19:13.513-04:00  INFO 28188 --- [main] c.c.mobilebff.MobilebffApplicationTests  : Starting MobilebffApplicationTests using Java 20.0.2 with PID 28188 (started by Rheann in C:\Users\Rheann\Documents\CMU\Spring_24\EDISS\EDISS_Workspace\mobilebff)
2024-04-27T18:19:13.515-04:00  INFO 28188 --- [main] c.c.mobilebff.MobilebffApplicationTests  : No active profile set, falling back to 1 default profile: "default"
2024-04-27T18:19:15.264-04:00  INFO 28188 --- [main] o.s.cloud.context.scope.GenericScope     : BeanFactory id=b0dd9630-3810-374b-90de-77651dd98b15
2024-04-27T18:19:16.717-04:00  INFO 28188 --- [main] c.c.mobilebff.MobilebffApplicationTests  : Started MobilebffApplicationTests in 4.35 seconds (process running for 5.81)
2024-04-27T19:53:11.243-04:00  INFO 28028 --- [main] c.c.mobilebff.MobilebffApplicationTests  : Starting MobilebffApplicationTests using Java 20.0.2 with PID 28028 (started by Rheann in C:\Users\Rheann\Documents\CMU\Spring_24\EDISS\EDISS_Workspace\mobilebff)
2024-04-27T19:53:11.247-04:00  INFO 28028 --- [main] c.c.mobilebff.MobilebffApplicationTests  : No active profile set, falling back to 1 default profile: "default"
2024-04-27T19:53:12.675-04:00  INFO 28028 --- [main] o.s.cloud.context.scope.GenericScope     : BeanFactory id=b0dd9630-3810-374b-90de-77651dd98b15
2024-04-27T19:53:14.875-04:00  INFO 28028 --- [main] c.c.mobilebff.MobilebffApplicationTests  : Started MobilebffApplicationTests in 4.846 seconds (process running for 6.811)
2024-04-27T19:53:54.865-04:00  INFO 28592 --- [main] com.cmu.mobilebff.MobilebffApplication   : Starting MobilebffApplication using Java 20.0.2 with PID 28592 (C:\Users\Rheann\Documents\CMU\Spring_24\EDISS\EDISS_Workspace\mobilebff\target\classes started by Rheann in C:\Users\Rheann\Documents\CMU\Spring_24\EDISS\EDISS_Workspace\mobilebff)
2024-04-27T19:53:54.869-04:00  INFO 28592 --- [main] com.cmu.mobilebff.MobilebffApplication   : No active profile set, falling back to 1 default profile: "default"
2024-04-27T19:53:56.149-04:00  INFO 28592 --- [main] o.s.cloud.context.scope.GenericScope     : BeanFactory id=41d90270-3081-306d-abde-a7d9317c7f74
2024-04-27T19:53:56.671-04:00  INFO 28592 --- [main] o.s.b.w.embedded.tomcat.TomcatWebServer  : Tomcat initialized with port(s): 8082 (http)
2024-04-27T19:53:56.689-04:00  INFO 28592 --- [main] o.apache.catalina.core.StandardService   : Starting service [Tomcat]
2024-04-27T19:53:56.690-04:00  INFO 28592 --- [main] o.apache.catalina.core.StandardEngine    : Starting Servlet engine: [Apache Tomcat/10.1.16]
2024-04-27T19:53:56.897-04:00  INFO 28592 --- [main] o.a.c.c.C.[Tomcat].[localhost].[/]       : Initializing Spring embedded WebApplicationContext
2024-04-27T19:53:56.898-04:00  INFO 28592 --- [main] w.s.c.ServletWebServerApplicationContext : Root WebApplicationContext: initialization completed in 1940 ms
2024-04-27T19:53:58.770-04:00  INFO 28592 --- [main] o.s.b.w.embedded.tomcat.TomcatWebServer  : Tomcat started on port(s): 8082 (http) with context path ''
2024-04-27T19:53:59.288-04:00  INFO 28592 --- [main] com.cmu.mobilebff.MobilebffApplication   : Started MobilebffApplication in 5.963 seconds (process running for 7.985)
2024-04-27T19:56:42.969-04:00  INFO 28592 --- [http-nio-8082-exec-1] o.a.c.c.C.[Tomcat].[localhost].[/]       : Initializing Spring DispatcherServlet 'dispatcherServlet'
2024-04-27T19:56:42.990-04:00  INFO 28592 --- [http-nio-8082-exec-1] o.s.web.servlet.DispatcherServlet        : Initializing Servlet 'dispatcherServlet'
2024-04-27T19:56:43.071-04:00  INFO 28592 --- [http-nio-8082-exec-1] o.s.web.servlet.DispatcherServlet        : Completed initialization in 79 ms
2024-04-27T19:56:43.942-04:00  INFO 28592 --- [http-nio-8082-exec-1] com.cmu.mobilebff.JWTHelper              : jwt payload received: {"sub":"starlord","Username":"JavaInUse","roles":"Admin","iss":"cmu.edu","exp":"2025-04-27T18:05:14.702Z"}
2024-04-27T19:56:44.239-04:00  INFO 28592 --- [http-nio-8082-exec-1] com.cmu.mobilebff.JWTHelper              : subclaim received: starlord
2024-04-27T19:56:44.240-04:00  INFO 28592 --- [http-nio-8082-exec-1] com.cmu.mobilebff.JWTHelper              : exp: 0
2024-04-27T19:56:44.242-04:00  INFO 28592 --- [http-nio-8082-exec-1] com.cmu.mobilebff.JWTHelper              : issClaim: cmu.edu
2024-04-27T19:56:44.263-04:00 ERROR 28592 --- [http-nio-8082-exec-1] c.c.m.controller.BookBffController       : getRecommendation: Empty or Invalid JWT token
2024-04-27T19:56:46.926-04:00 ERROR 28592 --- [http-nio-8082-exec-1] o.a.c.c.C.[.[.[/].[dispatcherServlet]    : Servlet.service() for servlet [dispatcherServlet] in context with path [] threw exception [Request processing failed: java.lang.IllegalArgumentException: Status code '-1' should be a three-digit positive integer] with root cause

java.lang.IllegalArgumentException: Status code '-1' should be a three-digit positive integer
	at org.springframework.util.Assert.isTrue(Assert.java:140) ~[spring-core-6.0.14.jar:6.0.14]
	at org.springframework.http.HttpStatusCode.valueOf(HttpStatusCode.java:99) ~[spring-web-6.0.14.jar:6.0.14]
	at org.springframework.http.ResponseEntity.getStatusCode(ResponseEntity.java:151) ~[spring-web-6.0.14.jar:6.0.14]
	at org.springframework.web.servlet.mvc.method.annotation.HttpEntityMethodProcessor.handleReturnValue(HttpEntityMethodProcessor.java:226) ~[spring-webmvc-6.0.14.jar:6.0.14]
	at org.springframework.web.method.support.HandlerMethodReturnValueHandlerComposite.handleReturnValue(HandlerMethodReturnValueHandlerComposite.java:78) ~[spring-web-6.0.14.jar:6.0.14]
	at org.springframework.web.servlet.mvc.method.annotation.ServletInvocableHandlerMethod.invokeAndHandle(ServletInvocableHandlerMethod.java:136) ~[spring-webmvc-6.0.14.jar:6.0.14]
	at org.springframework.web.servlet.mvc.method.annotation.RequestMappingHandlerAdapter.invokeHandlerMethod(RequestMappingHandlerAdapter.java:884) ~[spring-webmvc-6.0.14.jar:6.0.14]
	at org.springframework.web.servlet.mvc.method.annotation.RequestMappingHandlerAdapter.handleInternal(RequestMappingHandlerAdapter.java:797) ~[spring-webmvc-6.0.14.jar:6.0.14]
	at org.springframework.web.servlet.mvc.method.AbstractHandlerMethodAdapter.handle(AbstractHandlerMethodAdapter.java:87) ~[spring-webmvc-6.0.14.jar:6.0.14]
	at org.springframework.web.servlet.DispatcherServlet.doDispatch(DispatcherServlet.java:1081) ~[spring-webmvc-6.0.14.jar:6.0.14]
	at org.springframework.web.servlet.DispatcherServlet.doService(DispatcherServlet.java:974) ~[spring-webmvc-6.0.14.jar:6.0.14]
	at org.springframework.web.servlet.FrameworkServlet.processRequest(FrameworkServlet.java:1014) ~[spring-webmvc-6.0.14.jar:6.0.14]
	at org.springframework.web.servlet.FrameworkServlet.doGet(FrameworkServlet.java:903) ~[spring-webmvc-6.0.14.jar:6.0.14]
	at jakarta.servlet.http.HttpServlet.service(HttpServlet.java:564) ~[tomcat-embed-core-10.1.16.jar:6.0]
	at org.springframework.web.servlet.FrameworkServlet.service(FrameworkServlet.java:885) ~[spring-webmvc-6.0.14.jar:6.0.14]
	at jakarta.servlet.http.HttpServlet.service(HttpServlet.java:658) ~[tomcat-embed-core-10.1.16.jar:6.0]
	at org.apache.catalina.core.ApplicationFilterChain.internalDoFilter(ApplicationFilterChain.java:205) ~[tomcat-embed-core-10.1.16.jar:10.1.16]
	at org.apache.catalina.core.ApplicationFilterChain.doFilter(ApplicationFilterChain.java:149) ~[tomcat-embed-core-10.1.16.jar:10.1.16]
	at org.apache.tomcat.websocket.server.WsFilter.doFilter(WsFilter.java:51) ~[tomcat-embed-websocket-10.1.16.jar:10.1.16]
	at org.apache.catalina.core.ApplicationFilterChain.internalDoFilter(ApplicationFilterChain.java:174) ~[tomcat-embed-core-10.1.16.jar:10.1.16]
	at org.apache.catalina.core.ApplicationFilterChain.doFilter(ApplicationFilterChain.java:149) ~[tomcat-embed-core-10.1.16.jar:10.1.16]
	at org.springframework.web.filter.RequestContextFilter.doFilterInternal(RequestContextFilter.java:100) ~[spring-web-6.0.14.jar:6.0.14]
	at org.springframework.web.filter.OncePerRequestFilter.doFilter(OncePerRequestFilter.java:116) ~[spring-web-6.0.14.jar:6.0.14]
	at org.apache.catalina.core.ApplicationFilterChain.internalDoFilter(ApplicationFilterChain.java:174) ~[tomcat-embed-core-10.1.16.jar:10.1.16]
	at org.apache.catalina.core.ApplicationFilterChain.doFilter(ApplicationFilterChain.java:149) ~[tomcat-embed-core-10.1.16.jar:10.1.16]
	at org.springframework.web.filter.FormContentFilter.doFilterInternal(FormContentFilter.java:93) ~[spring-web-6.0.14.jar:6.0.14]
	at org.springframework.web.filter.OncePerRequestFilter.doFilter(OncePerRequestFilter.java:116) ~[spring-web-6.0.14.jar:6.0.14]
	at org.apache.catalina.core.ApplicationFilterChain.internalDoFilter(ApplicationFilterChain.java:174) ~[tomcat-embed-core-10.1.16.jar:10.1.16]
	at org.apache.catalina.core.ApplicationFilterChain.doFilter(ApplicationFilterChain.java:149) ~[tomcat-embed-core-10.1.16.jar:10.1.16]
	at org.springframework.web.filter.CharacterEncodingFilter.doFilterInternal(CharacterEncodingFilter.java:201) ~[spring-web-6.0.14.jar:6.0.14]
	at org.springframework.web.filter.OncePerRequestFilter.doFilter(OncePerRequestFilter.java:116) ~[spring-web-6.0.14.jar:6.0.14]
	at org.apache.catalina.core.ApplicationFilterChain.internalDoFilter(ApplicationFilterChain.java:174) ~[tomcat-embed-core-10.1.16.jar:10.1.16]
	at org.apache.catalina.core.ApplicationFilterChain.doFilter(ApplicationFilterChain.java:149) ~[tomcat-embed-core-10.1.16.jar:10.1.16]
	at org.apache.catalina.core.StandardWrapperValve.invoke(StandardWrapperValve.java:167) ~[tomcat-embed-core-10.1.16.jar:10.1.16]
	at org.apache.catalina.core.StandardContextValve.invoke(StandardContextValve.java:90) ~[tomcat-embed-core-10.1.16.jar:10.1.16]
	at org.apache.catalina.authenticator.AuthenticatorBase.invoke(AuthenticatorBase.java:482) ~[tomcat-embed-core-10.1.16.jar:10.1.16]
	at org.apache.catalina.core.StandardHostValve.invoke(StandardHostValve.java:115) ~[tomcat-embed-core-10.1.16.jar:10.1.16]
	at org.apache.catalina.valves.ErrorReportValve.invoke(ErrorReportValve.java:93) ~[tomcat-embed-core-10.1.16.jar:10.1.16]
	at org.apache.catalina.core.StandardEngineValve.invoke(StandardEngineValve.java:74) ~[tomcat-embed-core-10.1.16.jar:10.1.16]
	at org.apache.catalina.connector.CoyoteAdapter.service(CoyoteAdapter.java:340) ~[tomcat-embed-core-10.1.16.jar:10.1.16]
	at org.apache.coyote.http11.Http11Processor.service(Http11Processor.java:391) ~[tomcat-embed-core-10.1.16.jar:10.1.16]
	at org.apache.coyote.AbstractProcessorLight.process(AbstractProcessorLight.java:63) ~[tomcat-embed-core-10.1.16.jar:10.1.16]
	at org.apache.coyote.AbstractProtocol$ConnectionHandler.process(AbstractProtocol.java:896) ~[tomcat-embed-core-10.1.16.jar:10.1.16]
	at org.apache.tomcat.util.net.NioEndpoint$SocketProcessor.doRun(NioEndpoint.java:1744) ~[tomcat-embed-core-10.1.16.jar:10.1.16]
	at org.apache.tomcat.util.net.SocketProcessorBase.run(SocketProcessorBase.java:52) ~[tomcat-embed-core-10.1.16.jar:10.1.16]
	at org.apache.tomcat.util.threads.ThreadPoolExecutor.runWorker(ThreadPoolExecutor.java:1191) ~[tomcat-embed-core-10.1.16.jar:10.1.16]
	at org.apache.tomcat.util.threads.ThreadPoolExecutor$Worker.run(ThreadPoolExecutor.java:659) ~[tomcat-embed-core-10.1.16.jar:10.1.16]
	at org.apache.tomcat.util.threads.TaskThread$WrappingRunnable.run(TaskThread.java:61) ~[tomcat-embed-core-10.1.16.jar:10.1.16]
	at java.base/java.lang.Thread.run(Thread.java:1623) ~[na:na]

2024-04-27T22:11:25.217-04:00  INFO 29256 --- [main] c.c.mobilebff.MobilebffApplicationTests  : Starting MobilebffApplicationTests using Java 20.0.2 with PID 29256 (started by Rheann in C:\Users\Rheann\Documents\CMU\Spring_24\EDISS\EDISS_Workspace\mobilebff)
2024-04-27T22:11:25.220-04:00  INFO 29256 --- [main] c.c.mobilebff.MobilebffApplicationTests  : No active profile set, falling back to 1 default profile: "default"
2024-04-27T22:11:26.629-04:00  INFO 29256 --- [main] o.s.cloud.context.scope.GenericScope     : BeanFactory id=b0dd9630-3810-374b-90de-77651dd98b15
2024-04-27T22:11:28.808-04:00  INFO 29256 --- [main] c.c.mobilebff.MobilebffApplicationTests  : Started MobilebffApplicationTests in 4.614 seconds (process running for 6.728)
